Checking input data.
All inputs are already processed.
Processing 0 inputs with 0 threads.
0it [00:00, ?it/s]0it [00:00, ?it/s]
/home/mh7373/miniconda3/envs/genai-tps/lib/python3.11/site-packages/pytorch_lightning/utilities/migration/utils.py:56: The loaded checkpoint was produced with Lightning v2.5.0.post0, which is newer than your current Lightning version: v2.5.0
[TPS] starting 600000 MC steps (log: /home/mh7373/GitRepos/tps-diffusion-model/cofolding_tps_out/shooting_log.txt)
[TPS] 100/600000 steps  0.46 steps/s  ~21869.4 min remaining
[TPS] 200/600000 steps  0.45 steps/s  ~22414.8 min remaining
[TPS] 300/600000 steps  0.44 steps/s  ~22828.5 min remaining
[TPS] 400/600000 steps  0.45 steps/s  ~22313.0 min remaining
[TPS] 500/600000 steps  0.46 steps/s  ~21865.4 min remaining
[TPS] cartoon at MC step 500 failed: PyMOL exited 139: Segmentation fault (core dumped)

[xvfb retry]

[TPS] 600/600000 steps  0.46 steps/s  ~21635.8 min remaining
[TPS] 700/600000 steps  0.47 steps/s  ~21436.7 min remaining
[TPS] 800/600000 steps  0.47 steps/s  ~21454.2 min remaining
[TPS] 900/600000 steps  0.44 steps/s  ~22916.1 min remaining
[TPS] 1000/600000 steps  0.40 steps/s  ~25027.7 min remaining
[TPS] cartoon at MC step 1000 failed: PyMOL exited 139: Segmentation fault (core dumped)

[xvfb retry]

[TPS] 1100/600000 steps  0.37 steps/s  ~26794.8 min remaining
[TPS] 1200/600000 steps  0.36 steps/s  ~27843.1 min remaining
[TPS] 1300/600000 steps  0.35 steps/s  ~28692.2 min remaining
Terminated
